\BOOKMARK [1][-]{section.1}{\376\377\000M\000\364\000\040\000t\036\243\000\040\001\021\036\323\000\040\000\341\000n\000\040\000v\000\340\000\040\001\021\036\331\000n\000g\000\040\000l\036\361\000c\000\040\000c\000h\036\315\000n\000\040\001\021\036\301\000\040\000t\000\340\000i}{}% 1
\BOOKMARK [1][-]{section.2}{\376\377\000M\000\364\000\040\000t\036\243\000\040\000v\000\340\000\040\000k\036\371\000\040\000t\000h\000u\036\255\000t\000\040\000d\036\357\000\040\000l\000i\036\307\000u}{}% 2
\BOOKMARK [2][-]{subsection.2.1}{\376\377\000M\000\364\000\040\000t\036\243\000\040\000d\036\357\000\040\000l\000i\036\307\000u}{section.2}% 3
\BOOKMARK [2][-]{subsection.2.2}{\376\377\000T\000i\036\301\000n\000\040\000x\036\355\000\040\000l\000\355\000\040\000d\036\357\000\040\000l\000i\036\307\000u}{section.2}% 4
\BOOKMARK [3][-]{subsubsection.2.2.1}{\376\377\000L\000o\036\241\000i\000\040\000b\036\317\000\040\000t\000h\000u\036\331\000c\000\040\000t\000\355\000n\000h\000\040\000I\000D\000\040\000k\000h\000\364\000n\000g\000\040\000m\000a\000n\000g\000\040\000g\000i\000\341\000\040\000t\000r\036\313\000\040\000d\036\361\000\040\001\021\000o\000\341\000n}{subsection.2.2}% 5
\BOOKMARK [3][-]{subsubsection.2.2.2}{\376\377\000K\000h\036\243\000o\000\040\000s\000\341\000t\000\040\000k\000\355\000c\000h\000\040\000t\000h\001\260\036\333\000c\000\040\000v\000\340\000\040\000k\000i\036\303\000u\000\040\000d\036\357\000\040\000l\000i\036\307\000u}{subsection.2.2}% 6
\BOOKMARK [3][-]{subsubsection.2.2.3}{\376\377\000K\000i\036\303\000m\000\040\000t\000r\000a\000\040\000d\036\357\000\040\000l\000i\036\307\000u\000\040\000t\000r\000\371\000n\000g\000\040\000l\036\267\000p}{subsection.2.2}% 7
\BOOKMARK [3][-]{subsubsection.2.2.4}{\376\377\000C\000h\000i\000a\000\040\000d\036\357\000\040\000l\000i\036\307\000u\000\040\000t\000h\000\340\000n\000h\000\040\000c\000\341\000c\000\040\000t\036\255\000p\000\040\000h\000u\036\245\000n\000\040\000l\000u\000y\036\307\000n\000,\000\040\000x\000\341\000c\000\040\000t\000h\036\361\000c\000\040\000v\000\340\000\040\000k\000i\036\303\000m\000\040\000t\000h\036\355}{subsection.2.2}% 8
\BOOKMARK [3][-]{subsubsection.2.2.5}{\376\377\000M\000\343\000\040\000h\000\363\000a\000\040\000o\000n\000e\000-\000h\000o\000t\000\040\000c\000h\000o\000\040\000b\000i\036\277\000n\000\040\000k\000h\000\364\000n\000g\000\040\000c\000\363\000\040\000k\000i\036\303\000u\000\040\000d\036\357\000\040\000l\000i\036\307\000u\000\040\000l\000\340\000\040\000s\036\321}{subsection.2.2}% 9
\BOOKMARK [3][-]{subsubsection.2.2.6}{\376\377\000C\001\003\000n\000\040\000c\000h\036\311\000n\000h\000\040\000m\000a\000\040\000t\000r\036\255\000n\000\040\001\021\036\267\000c\000\040\000t\000r\001\260\000n\000g\000\040\000g\000i\036\357\000a\000\040\000c\000\341\000c\000\040\000t\036\255\000p\000\040\000d\036\357\000\040\000l\000i\036\307\000u\000\040\000b\036\261\000n\000g\000\040\000r\000e\000i\000n\000d\000e\000x}{subsection.2.2}% 10
\BOOKMARK [3][-]{subsubsection.2.2.7}{\376\377\000C\000h\000u\036\251\000n\000\040\000h\000\363\000a\000\040\001\021\036\267\000c\000\040\000t\000r\001\260\000n\000g\000\040\000b\036\261\000n\000g\000\040\000S\000t\000a\000n\000d\000a\000r\000d\000S\000c\000a\000l\000e\000r}{subsection.2.2}% 11
\BOOKMARK [2][-]{subsection.2.3}{\376\377\000C\000h\036\315\000n\000\040\000l\036\315\000c\000\040\000t\000h\000u\036\331\000c\000\040\000t\000\355\000n\000h}{section.2}% 12
\BOOKMARK [3][-]{subsubsection.2.3.1}{\376\377\000M\036\345\000c\000\040\000t\000i\000\352\000u}{subsection.2.3}% 13
\BOOKMARK [3][-]{subsubsection.2.3.2}{\376\377\000T\000h\000\341\000c\000h\000\040\000t\000h\036\351\000c}{subsection.2.3}% 14
\BOOKMARK [3][-]{subsubsection.2.3.3}{\376\377\000X\000\342\000y\000\040\000d\036\361\000n\000g\000\040\000m\000\364\000\040\000h\000\354\000n\000h\000\040\000c\000h\036\315\000n\000\040\000t\036\255\000p\000\040\000c\000o\000n\000\040\000v\000\340\000\040\001\021\000\341\000n\000h\000\040\000g\000i\000\341}{subsection.2.3}% 15
\BOOKMARK [3][-]{subsubsection.2.3.4}{\376\377\000T\000h\000u\036\255\000t\000\040\000t\000o\000\341\000n\000\040\000t\000\354\000m\000\040\000k\000i\036\277\000m\000\040\000t\036\361\000\040\001\021\036\331\000n\000g}{subsection.2.3}% 16
\BOOKMARK [1][-]{section.3}{\376\377\000L\000\375\000\040\000t\000h\000u\000y\036\277\000t\000\040\000v\036\301\000\040\000c\000\341\000c\000\040\000m\000\364\000\040\000h\000\354\000n\000h\000\040\000v\000\340\000\040\000l\036\361\000a\000\040\000c\000h\036\315\000n}{}% 17
\BOOKMARK [2][-]{subsection.3.1}{\376\377\000M\000\364\000\040\000h\000\354\000n\000h\000\040\000L\000i\000n\000e\000a\000r\000\040\000R\000e\000g\000r\000e\000s\000s\000i\000o\000n}{section.3}% 18
\BOOKMARK [2][-]{subsection.3.2}{\376\377\000M\000\364\000\040\000h\000\354\000n\000h\000\040\000L\000i\000n\000e\000a\000r\000\040\000R\000e\000g\000r\000e\000s\000s\000i\000o\000n}{section.3}% 19
\BOOKMARK [2][-]{subsection.3.3}{\376\377\000M\000\364\000\040\000h\000\354\000n\000h\000\040\000R\000i\000d\000g\000e}{section.3}% 20
\BOOKMARK [3][-]{subsubsection.3.3.1}{\376\377\000C\001\241\000\040\000s\036\337\000\040\000l\000\375\000\040\000t\000h\000u\000y\036\277\000t}{subsection.3.3}% 21
\BOOKMARK [3][-]{subsubsection.3.3.2}{\376\377\000T\000r\000i\036\303\000n\000\040\000k\000h\000a\000i\000\040\000t\000h\036\361\000c\000\040\000n\000g\000h\000i\036\307\000m}{subsection.3.3}% 22
\BOOKMARK [3][-]{subsubsection.3.3.3}{\376\377\000K\036\277\000t\000\040\000l\000u\036\255\000n}{subsection.3.3}% 23
\BOOKMARK [2][-]{subsection.3.4}{\376\377\000M\000\364\000\040\000h\000\354\000n\000h\000\040\000L\000a\000s\000s\000o}{section.3}% 24
\BOOKMARK [3][-]{subsubsection.3.4.1}{\376\377\000C\001\241\000\040\000s\036\337\000\040\000l\000\375\000\040\000t\000h\000u\000y\036\277\000t}{subsection.3.4}% 25
\BOOKMARK [3][-]{subsubsection.3.4.2}{\376\377\000T\000r\000i\036\303\000n\000\040\000k\000h\000a\000i\000\040\000t\000h\036\361\000c\000\040\000n\000g\000h\000i\036\307\000m}{subsection.3.4}% 26
\BOOKMARK [3][-]{subsubsection.3.4.3}{\376\377\000K\036\277\000t\000\040\000l\000u\036\255\000n}{subsection.3.4}% 27
\BOOKMARK [2][-]{subsection.3.5}{\376\377\000M\000\364\000\040\000h\000\354\000n\000h\000\040\000E\000l\000a\000s\000t\000i\000c\000\040\000N\000e\000t}{section.3}% 28
\BOOKMARK [2][-]{subsection.3.6}{\376\377\000P\000h\000\342\000n\000\040\000t\000\355\000c\000h\000\040\000d\036\357\000\040\000l\000i\036\307\000u\000\040\000v\000\340\000\040\000l\036\361\000a\000\040\000c\000h\036\315\000n\000\040\000m\000\364\000\040\000h\000\354\000n\000h}{section.3}% 29
\BOOKMARK [1][-]{section.4}{\376\377\001\020\000\341\000n\000h\000\040\000g\000i\000\341\000\040\000v\000\340\000\040\000s\000o\000\040\000s\000\341\000n\000h\000\040\000k\036\277\000t\000\040\000q\000u\036\243}{}% 30
\BOOKMARK [2][-]{subsection.4.1}{\376\377\000K\036\277\000t\000\040\000q\000u\036\243\000\040\000d\036\361\000\040\001\021\000o\000\341\000n\000\040\000c\036\347\000a\000\040\0004\000\040\000m\000\364\000\040\000h\000\354\000n\000h\000\040\000t\000r\000\352\000n\000\040\000t\036\255\000p\000\040\000v\000a\000l\000i\000d\000a\000t\000i\000o\000n}{section.4}% 31
\BOOKMARK [2][-]{subsection.4.2}{\376\377\000S\000o\000\040\000s\000\341\000n\000h\000\040\000g\000i\036\357\000a\000\040\000c\000\341\000c\000\040\000m\000\364\000\040\000h\000\354\000n\000h\000\040\000v\036\333\000i\000\040\000n\000h\000a\000u}{section.4}% 32
\BOOKMARK [2][-]{subsection.4.3}{\376\377\000C\000h\036\241\000y\000\040\000t\000h\036\361\000c\000\040\000t\036\277\000\040\000t\000r\000\352\000n\000\040\000t\036\255\000p\000\040\000t\000e\000s\000t}{section.4}% 33
\BOOKMARK [1][-]{section.5}{\376\377\000K\036\277\000t\000\040\000l\000u\036\255\000n\000\040\000v\000\340\000\040\000n\000h\036\255\000n\000\040\001\021\036\313\000n\000h\000\040\000r\000\372\000t\000\040\000r\000a\000\040\000t\036\353\000\040\000m\000\364\000\040\000h\000\354\000n\000h}{}% 34
\BOOKMARK [1][-]{section.6}{\376\377\000M\000\364\000\040\000t\036\243\000\040\036\351\000n\000g\000\040\000d\036\345\000n\000g}{}% 35
\BOOKMARK [1][-]{section.7}{\376\377\000T\000\340\000i\000\040\000l\000i\036\307\000u\000\040\000t\000h\000a\000m\000\040\000k\000h\036\243\000o}{}% 36
